<?xml version="1.0" encoding="UTF-8"?>
<testsuite hostname="stbischof-XPS-13-9370" name="test.org.osgi.test.cases.jdbc" target="reference:file:/home/stbischof/.m2/repository/org/osgi/org.osgi.test.cases.jdbc/8.0.0-SNAPSHOT/org.osgi.test.cases.jdbc-8.0.0-SNAPSHOT.jar" timestamp="2022-05-12T19:58:48.753099356" framework="org.eclipse.osgi_3.17.200.v20220215-2237 [0]" framework-version="3.17.200.v20220215-2237" tests="7" failures="4" errors="0" time="0.143">
  <properties>
[...]
</properties>
  <testcase classname="org.osgi.test.cases.jdbc.junit.JDBCTestCase" name="testRegisteredProperties" time="0.000"/>
  <testcase classname="org.osgi.test.cases.jdbc.junit.JDBCTestCase" name="testCreateConnectionPoolDataSource" time="0.016">
    <failure type="junit.framework.AssertionFailedError" message="Should have gotten a SQLException."><![CDATA[junit.framework.AssertionFailedError: Should have gotten a SQLException.
 at junit.framework.Assert.fail(Assert.java:57)
 at junit.framework.TestCase.fail(TestCase.java:223)
 at org.osgi.test.cases.jdbc.junit.JDBCTestCase.testCreateConnectionPoolDataSource(JDBCTestCase.java:123)
 at java.base/jdk.internal.reflect.NativeMethodAccessorImpl.invoke0(Native Method)
 at java.base/jdk.internal.reflect.NativeMethodAccessorImpl.invoke(NativeMethodAccessorImpl.java:77)
 at java.base/jdk.internal.reflect.DelegatingMethodAccessorImpl.invoke(DelegatingMethodAccessorImpl.java:43)
 at java.base/java.lang.reflect.Method.invoke(Method.java:568)
 at junit.framework.TestCase.runTest(TestCase.java:177)
 at junit.framework.TestCase.runBare(TestCase.java:142)
 at junit.framework.TestResult$1.protect(TestResult.java:122)
 at junit.framework.TestResult.runProtected(TestResult.java:142)
 at junit.framework.TestResult.run(TestResult.java:125)
 at junit.framework.TestCase.run(TestCase.java:130)
 at junit.framework.TestSuite.runTest(TestSuite.java:241)
 at junit.framework.TestSuite.run(TestSuite.java:236)
 at junit.framework.TestSuite.runTest(TestSuite.java:241)
 at junit.framework.TestSuite.run(TestSuite.java:236)
 at aQute.junit.Activator.test(Activator.java:354)
 at aQute.junit.Activator.automatic(Activator.java:266)
 at aQute.junit.Activator.run(Activator.java:188)
 at java.base/java.util.concurrent.Executors$RunnableAdapter.call(Executors.java:539)
 at aQute.launcher.Launcher.launch(Launcher.java:450)
 at aQute.launcher.Launcher.run(Launcher.java:184)
 at aQute.launcher.Launcher.main(Launcher.java:160)
 at aQute.launcher.pre.EmbeddedLauncher.executeWithRunPath(EmbeddedLauncher.java:170)
 at aQute.launcher.pre.EmbeddedLauncher.findAndExecute(EmbeddedLauncher.java:135)
 at aQute.launcher.pre.EmbeddedLauncher.main(EmbeddedLauncher.java:52)
]]>
    </failure>
    <system-err><![CDATA[May 12, 2022 7:58:48 PM com.microsoft.sqlserver.jdbc.osgi.SQLServerDataSourceFactory setup
WARNING: Microsoft JDBC Driver for SQL Server currently does not support the property: dataSourceName
May 12, 2022 7:58:48 PM com.microsoft.sqlserver.jdbc.osgi.SQLServerDataSourceFactory setup
WARNING: Microsoft JDBC Driver for SQL Server currently does not support the property: dataSourceName
]]>
    </system-err>
  </testcase>
  <testcase classname="org.osgi.test.cases.jdbc.junit.JDBCTestCase" name="testCreateXADataSource" time="0.004">
    <failure type="junit.framework.AssertionFailedError" message="Should have gotten a SQLException."><![CDATA[junit.framework.AssertionFailedError: Should have gotten a SQLException.
 at junit.framework.Assert.fail(Assert.java:57)
 at junit.framework.TestCase.fail(TestCase.java:223)
 at org.osgi.test.cases.jdbc.junit.JDBCTestCase.testCreateXADataSource(JDBCTestCase.java:148)
 at java.base/jdk.internal.reflect.NativeMethodAccessorImpl.invoke0(Native Method)
 at java.base/jdk.internal.reflect.NativeMethodAccessorImpl.invoke(NativeMethodAccessorImpl.java:77)
 at java.base/jdk.internal.reflect.DelegatingMethodAccessorImpl.invoke(DelegatingMethodAccessorImpl.java:43)
 at java.base/java.lang.reflect.Method.invoke(Method.java:568)
 at junit.framework.TestCase.runTest(TestCase.java:177)
 at junit.framework.TestCase.runBare(TestCase.java:142)
 at junit.framework.TestResult$1.protect(TestResult.java:122)
 at junit.framework.TestResult.runProtected(TestResult.java:142)
 at junit.framework.TestResult.run(TestResult.java:125)
 at junit.framework.TestCase.run(TestCase.java:130)
 at junit.framework.TestSuite.runTest(TestSuite.java:241)
 at junit.framework.TestSuite.run(TestSuite.java:236)
 at junit.framework.TestSuite.runTest(TestSuite.java:241)
 at junit.framework.TestSuite.run(TestSuite.java:236)
 at aQute.junit.Activator.test(Activator.java:354)
 at aQute.junit.Activator.automatic(Activator.java:266)
 at aQute.junit.Activator.run(Activator.java:188)
 at java.base/java.util.concurrent.Executors$RunnableAdapter.call(Executors.java:539)
 at aQute.launcher.Launcher.launch(Launcher.java:450)
 at aQute.launcher.Launcher.run(Launcher.java:184)
 at aQute.launcher.Launcher.main(Launcher.java:160)
 at aQute.launcher.pre.EmbeddedLauncher.executeWithRunPath(EmbeddedLauncher.java:170)
 at aQute.launcher.pre.EmbeddedLauncher.findAndExecute(EmbeddedLauncher.java:135)
 at aQute.launcher.pre.EmbeddedLauncher.main(EmbeddedLauncher.java:52)
]]>
    </failure>
    <system-err><![CDATA[May 12, 2022 7:58:48 PM com.microsoft.sqlserver.jdbc.osgi.SQLServerDataSourceFactory setup
WARNING: Microsoft JDBC Driver for SQL Server currently does not support the property: dataSourceName
May 12, 2022 7:58:48 PM com.microsoft.sqlserver.jdbc.osgi.SQLServerDataSourceFactory setup
WARNING: Microsoft JDBC Driver for SQL Server currently does not support the property: dataSourceName
]]>
    </system-err>
  </testcase>
  <testcase classname="org.osgi.test.cases.jdbc.junit.JDBCTestCase" name="testAtLeastOneMethodWorks" time="0.000"/>
  <testcase classname="org.osgi.test.cases.jdbc.junit.JDBCTestCase" name="testCreateDataSource" time="0.002">
    <failure type="junit.framework.AssertionFailedError" message="Should have gotten a SQLException for invalid property &quot;junk&quot;."><![CDATA[junit.framework.AssertionFailedError: Should have gotten a SQLException for invalid property "junk".
 at junit.framework.Assert.fail(Assert.java:57)
 at junit.framework.TestCase.fail(TestCase.java:223)
 at org.osgi.test.cases.jdbc.junit.JDBCTestCase.testCreateDataSource(JDBCTestCase.java:98)
 at java.base/jdk.internal.reflect.NativeMethodAccessorImpl.invoke0(Native Method)
 at java.base/jdk.internal.reflect.NativeMethodAccessorImpl.invoke(NativeMethodAccessorImpl.java:77)
 at java.base/jdk.internal.reflect.DelegatingMethodAccessorImpl.invoke(DelegatingMethodAccessorImpl.java:43)
 at java.base/java.lang.reflect.Method.invoke(Method.java:568)
 at junit.framework.TestCase.runTest(TestCase.java:177)
 at junit.framework.TestCase.runBare(TestCase.java:142)
 at junit.framework.TestResult$1.protect(TestResult.java:122)
 at junit.framework.TestResult.runProtected(TestResult.java:142)
 at junit.framework.TestResult.run(TestResult.java:125)
 at junit.framework.TestCase.run(TestCase.java:130)
 at junit.framework.TestSuite.runTest(TestSuite.java:241)
 at junit.framework.TestSuite.run(TestSuite.java:236)
 at junit.framework.TestSuite.runTest(TestSuite.java:241)
 at junit.framework.TestSuite.run(TestSuite.java:236)
 at aQute.junit.Activator.test(Activator.java:354)
 at aQute.junit.Activator.automatic(Activator.java:266)
 at aQute.junit.Activator.run(Activator.java:188)
 at java.base/java.util.concurrent.Executors$RunnableAdapter.call(Executors.java:539)
 at aQute.launcher.Launcher.launch(Launcher.java:450)
 at aQute.launcher.Launcher.run(Launcher.java:184)
 at aQute.launcher.Launcher.main(Launcher.java:160)
 at aQute.launcher.pre.EmbeddedLauncher.executeWithRunPath(EmbeddedLauncher.java:170)
 at aQute.launcher.pre.EmbeddedLauncher.findAndExecute(EmbeddedLauncher.java:135)
 at aQute.launcher.pre.EmbeddedLauncher.main(EmbeddedLauncher.java:52)
]]>
    </failure>
    <system-err><![CDATA[May 12, 2022 7:58:48 PM com.microsoft.sqlserver.jdbc.osgi.SQLServerDataSourceFactory setup
WARNING: Microsoft JDBC Driver for SQL Server currently does not support the property: dataSourceName
May 12, 2022 7:58:48 PM com.microsoft.sqlserver.jdbc.osgi.SQLServerDataSourceFactory setup
WARNING: Microsoft JDBC Driver for SQL Server currently does not support the property: dataSourceName
]]>
    </system-err>
  </testcase>
  <testcase classname="org.osgi.test.cases.jdbc.junit.JDBCTestCase" name="testCreateDriver" time="0.002">
    <failure type="junit.framework.AssertionFailedError" message="Should have gotten a SQLException."><![CDATA[junit.framework.AssertionFailedError: Should have gotten a SQLException.
 at junit.framework.Assert.fail(Assert.java:57)
 at junit.framework.TestCase.fail(TestCase.java:223)
 at org.osgi.test.cases.jdbc.junit.JDBCTestCase.testCreateDriver(JDBCTestCase.java:168)
 at java.base/jdk.internal.reflect.NativeMethodAccessorImpl.invoke0(Native Method)
 at java.base/jdk.internal.reflect.NativeMethodAccessorImpl.invoke(NativeMethodAccessorImpl.java:77)
 at java.base/jdk.internal.reflect.DelegatingMethodAccessorImpl.invoke(DelegatingMethodAccessorImpl.java:43)
 at java.base/java.lang.reflect.Method.invoke(Method.java:568)
 at junit.framework.TestCase.runTest(TestCase.java:177)
 at junit.framework.TestCase.runBare(TestCase.java:142)
 at junit.framework.TestResult$1.protect(TestResult.java:122)
 at junit.framework.TestResult.runProtected(TestResult.java:142)
 at junit.framework.TestResult.run(TestResult.java:125)
 at junit.framework.TestCase.run(TestCase.java:130)
 at junit.framework.TestSuite.runTest(TestSuite.java:241)
 at junit.framework.TestSuite.run(TestSuite.java:236)
 at junit.framework.TestSuite.runTest(TestSuite.java:241)
 at junit.framework.TestSuite.run(TestSuite.java:236)
 at aQute.junit.Activator.test(Activator.java:354)
 at aQute.junit.Activator.automatic(Activator.java:266)
 at aQute.junit.Activator.run(Activator.java:188)
 at java.base/java.util.concurrent.Executors$RunnableAdapter.call(Executors.java:539)
 at aQute.launcher.Launcher.launch(Launcher.java:450)
 at aQute.launcher.Launcher.run(Launcher.java:184)
 at aQute.launcher.Launcher.main(Launcher.java:160)
 at aQute.launcher.pre.EmbeddedLauncher.executeWithRunPath(EmbeddedLauncher.java:170)
 at aQute.launcher.pre.EmbeddedLauncher.findAndExecute(EmbeddedLauncher.java:135)
 at aQute.launcher.pre.EmbeddedLauncher.main(EmbeddedLauncher.java:52)
]]>
    </failure>
  </testcase>
  <testcase classname="org.osgi.test.cases.jdbc.junit.SignatureTestCase" name="testSignatures" time="0.060">
    <system-out><![CDATA[#Checking class: org.osgi.service.jdbc.DataSourceFactory
#visit org.osgi.service.jdbc.DataSourceFactory.OSGI_JDBC_DRIVER_CLASS Ljava/lang/String;
#visit org.osgi.service.jdbc.DataSourceFactory.OSGI_JDBC_DRIVER_NAME Ljava/lang/String;
#visit org.osgi.service.jdbc.DataSourceFactory.OSGI_JDBC_DRIVER_VERSION Ljava/lang/String;
#visit org.osgi.service.jdbc.DataSourceFactory.JDBC_DATABASE_NAME Ljava/lang/String;
#visit org.osgi.service.jdbc.DataSourceFactory.JDBC_DATASOURCE_NAME Ljava/lang/String;
#visit org.osgi.service.jdbc.DataSourceFactory.JDBC_DESCRIPTION Ljava/lang/String;
#visit org.osgi.service.jdbc.DataSourceFactory.JDBC_NETWORK_PROTOCOL Ljava/lang/String;
#visit org.osgi.service.jdbc.DataSourceFactory.JDBC_PASSWORD Ljava/lang/String;
#visit org.osgi.service.jdbc.DataSourceFactory.JDBC_PORT_NUMBER Ljava/lang/String;
#visit org.osgi.service.jdbc.DataSourceFactory.JDBC_ROLE_NAME Ljava/lang/String;
#visit org.osgi.service.jdbc.DataSourceFactory.JDBC_SERVER_NAME Ljava/lang/String;
#visit org.osgi.service.jdbc.DataSourceFactory.JDBC_USER Ljava/lang/String;
#visit org.osgi.service.jdbc.DataSourceFactory.JDBC_URL Ljava/lang/String;
#visit org.osgi.service.jdbc.DataSourceFactory.JDBC_INITIAL_POOL_SIZE Ljava/lang/String;
#visit org.osgi.service.jdbc.DataSourceFactory.JDBC_MAX_IDLE_TIME Ljava/lang/String;
#visit org.osgi.service.jdbc.DataSourceFactory.JDBC_MAX_POOL_SIZE Ljava/lang/String;
#visit org.osgi.service.jdbc.DataSourceFactory.JDBC_MAX_STATEMENTS Ljava/lang/String;
#visit org.osgi.service.jdbc.DataSourceFactory.JDBC_MIN_POOL_SIZE Ljava/lang/String;
#visit org.osgi.service.jdbc.DataSourceFactory.JDBC_PROPERTY_CYCLE Ljava/lang/String;
#visit org.osgi.service.jdbc.DataSourceFactory.createDataSource (Ljava/util/Properties;)Ljavax/sql/DataSource;
#visit org.osgi.service.jdbc.DataSourceFactory.createConnectionPoolDataSource (Ljava/util/Properties;)Ljavax/sql/ConnectionPoolDataSource;
#visit org.osgi.service.jdbc.DataSourceFactory.createXADataSource (Ljava/util/Properties;)Ljavax/sql/XADataSource;
#visit org.osgi.service.jdbc.DataSourceFactory.createDriver (Ljava/util/Properties;)Ljava/sql/Driver;
]]>
    </system-out>
  </testcase>
</testsuite>