<?xml version="1.0" encoding="UTF-8"?>
<testsuite hostname="stbischof-XPS-13-9370" name="test.biz.aQute.tester" target="reference:file:/home/stbischof/dev/elipseWs/osgi-compatibility/org.osgi.compatibility/org.osgi.compatibility.jaxrs/org.osgi.compatibility.jaxrs.aries.jaxrs/target/test/tmp/testing/tck/cnf/cache/6.2.0/bnd-cache/biz.aQute.tester/biz.aQute.tester-6.2.0.jar" timestamp="2022-05-13T18:38:23.958987611" framework="org.eclipse.osgi_3.17.200.v20220215-2237 [0]" framework-version="3.17.200.v20220215-2237" tests="1" failures="1" errors="0" time="0.051">
  <properties>
[...]
</properties>
  <testcase classname="aQute.junit.UnresolvedTester" name="testAllResolved" time="0.030">
    <failure type="junit.framework.AssertionFailedError" message="Unresolved bundles
com.sun.xml.bind.jaxb-osgi [5];2.3.3
    Could not resolve module: com.sun.xml.bind.jaxb-osgi [5]
  Unresolved requirement: Import-Package: javax.xml.bind; version=&quot;2.3.0&quot;
    -&gt; Export-Package: javax.xml.bind; bundle-symbolic-name=&quot;jakarta.xml.bind-api&quot;; bundle-version=&quot;2.3.3&quot;; version=&quot;2.3.3&quot;; uses:=&quot;javax.xml.bind.annotation.adapters,javax.xml.bind.attachment,javax.xml.namespace,javax.xml.stream,javax.xml.transform,javax.xml.validation,org.w3c.dom,org.xml.sax&quot;
       jakarta.xml.bind-api [6]
         Unresolved requirement: Import-Package: javax.activation
  Unresolved requirement: Import-Package: javax.xml.bind.annotation; version=&quot;2.3.0&quot;
    -&gt; Export-Package: javax.xml.bind.annotation; bundle-symbolic-name=&quot;jakarta.xml.bind-api&quot;; bundle-version=&quot;2.3.3&quot;; version=&quot;2.3.3&quot;; uses:=&quot;javax.xml.bind,javax.xml.parsers,javax.xml.transform,javax.xml.transform.dom,org.w3c.dom&quot;


jakarta.xml.bind-api [6];2.3.3
    Could not resolve module: jakarta.xml.bind-api [6]
  Unresolved requirement: Import-Package: javax.activation


org.apache.aries.javax.jax.rs-api [8];1.0.4
    Could not resolve module: org.apache.aries.javax.jax.rs-api [8]
  Unresolved requirement: Import-Package: org.apache.geronimo.osgi.registry.api; resolution:=&quot;optional&quot;
  Unresolved requirement: Import-Package: javax.xml.bind.annotation
    -&gt; Export-Package: javax.xml.bind.annotation; bundle-symbolic-name=&quot;jakarta.xml.bind-api&quot;; bundle-version=&quot;2.3.3&quot;; version=&quot;2.3.3&quot;; uses:=&quot;javax.xml.bind,javax.xml.parsers,javax.xml.transform,javax.xml.transform.dom,org.w3c.dom&quot;
       jakarta.xml.bind-api [6]
         Unresolved requirement: Import-Package: javax.activation
  Unresolved requirement: Import-Package: javax.xml.bind.annotation.adapters
    -&gt; Export-Package: javax.xml.bind.annotation.adapters; bundle-symbolic-name=&quot;jakarta.xml.bind-api&quot;; bundle-version=&quot;2.3.3&quot;; version=&quot;2.3.3&quot;


org.apache.aries.jax.rs.whiteboard [9];2.0.1
    Could not resolve module: org.apache.aries.jax.rs.whiteboard [9]
  Unresolved requirement: Import-Package: com.sun.xml.bind.annotation; version=&quot;[2.3.0,3.0.0)&quot;
    -&gt; Export-Package: com.sun.xml.bind.annotation; bundle-symbolic-name=&quot;com.sun.xml.bind.jaxb-osgi&quot;; bundle-version=&quot;2.3.3&quot;; version=&quot;2.3.3&quot;
       com.sun.xml.bind.jaxb-osgi [5]
         Unresolved requirement: Import-Package: javax.xml.bind; version=&quot;2.3.0&quot;
           -&gt; Export-Package: javax.xml.bind; bundle-symbolic-name=&quot;jakarta.xml.bind-api&quot;; bundle-version=&quot;2.3.3&quot;; version=&quot;2.3.3&quot;; uses:=&quot;javax.xml.bind.annotation.adapters,javax.xml.bind.attachment,javax.xml.namespace,javax.xml.stream,javax.xml.transform,javax.xml.validation,org.w3c.dom,org.xml.sax&quot;
              jakarta.xml.bind-api [6]
                Unresolved requirement: Import-Package: javax.activation
         Unresolved requirement: Import-Package: javax.xml.bind.annotation; version=&quot;2.3.0&quot;
           -&gt; Export-Package: javax.xml.bind.annotation; bundle-symbolic-name=&quot;jakarta.xml.bind-api&quot;; bundle-version=&quot;2.3.3&quot;; version=&quot;2.3.3&quot;; uses:=&quot;javax.xml.bind,javax.xml.parsers,javax.xml.transform,javax.xml.transform.dom,org.w3c.dom&quot;
  Unresolved requirement: Import-Package: javax.ws.rs.client
    -&gt; Export-Package: javax.ws.rs.client; bundle-symbolic-name=&quot;org.apache.aries.javax.jax.rs-api&quot;; bundle-version=&quot;1.0.4&quot;; version=&quot;2.1.0&quot;; uses:=&quot;javax.net.ssl,javax.ws.rs,javax.ws.rs.core&quot;
       org.apache.aries.javax.jax.rs-api [8]
         Unresolved requirement: Import-Package: org.apache.geronimo.osgi.registry.api; resolution:=&quot;optional&quot;
         Unresolved requirement: Import-Package: javax.xml.bind.annotation
           -&gt; Export-Package: javax.xml.bind.annotation; bundle-symbolic-name=&quot;jakarta.xml.bind-api&quot;; bundle-version=&quot;2.3.3&quot;; version=&quot;2.3.3&quot;; uses:=&quot;javax.xml.bind,javax.xml.parsers,javax.xml.transform,javax.xml.transform.dom,org.w3c.dom&quot;
  Unresolved requirement: Import-Package: javax.ws.rs
    -&gt; Export-Package: javax.ws.rs; bundle-symbolic-name=&quot;org.apache.aries.javax.jax.rs-api&quot;; bundle-version=&quot;1.0.4&quot;; version=&quot;2.1.0&quot;; uses:=&quot;javax.ws.rs.core&quot;


org.apache.cxf.cxf-core [11];3.4.3
    Could not resolve module: org.apache.cxf.cxf-core [11]
  Unresolved requirement: Import-Package: com.sun.msv.grammar; version=&quot;[2013.6.0,2014.0.0)&quot;; resolution:=&quot;optional&quot;
  Unresolved requirement: Import-Package: com.sun.msv.grammar.xmlschema; version=&quot;[2013.6.0,2014.0.0)&quot;; resolution:=&quot;optional&quot;
  Unresolved requirement: Import-Package: com.sun.msv.reader; version=&quot;[2013.6.0,2014.0.0)&quot;; resolution:=&quot;optional&quot;
  Unresolved requirement: Import-Package: com.sun.msv.reader.xmlschema; version=&quot;[2013.6.0,2014.0.0)&quot;; resolution:=&quot;optional&quot;
  Unresolved requirement: Import-Package: com.sun.tools.internal.xjc.api; resolution:=&quot;optional&quot;
  Unresolved requirement: Import-Package: com.sun.xml.internal.messaging.saaj.soap; resolution:=&quot;optional&quot;
  Unresolved requirement: Import-Package: com.sun.xml.messaging.saaj.soap; resolution:=&quot;optional&quot;
  Unresolved requirement: Import-Package: javax.activation; version=&quot;[0.0.0,2.0.0)&quot;
  Unresolved requirement: Import-Package: com.sun.tools.xjc.api; resolution:=&quot;optional&quot;
    -&gt; Export-Package: com.sun.tools.xjc.api; bundle-symbolic-name=&quot;com.sun.xml.bind.jaxb-osgi&quot;; bundle-version=&quot;2.3.3&quot;; version=&quot;2.3.3&quot;; uses:=&quot;com.sun.codemodel,com.sun.tools.xjc,com.sun.xml.bind.api,javax.annotation.processing,javax.lang.model.element,javax.lang.model.type,javax.xml.bind,javax.xml.namespace,javax.xml.stream,javax.xml.transform,org.w3c.dom,org.xml.sax&quot;
       com.sun.xml.bind.jaxb-osgi [5]
         Unresolved requirement: Import-Package: javax.xml.bind; version=&quot;2.3.0&quot;
           -&gt; Export-Package: javax.xml.bind; bundle-symbolic-name=&quot;jakarta.xml.bind-api&quot;; bundle-version=&quot;2.3.3&quot;; version=&quot;2.3.3&quot;; uses:=&quot;javax.xml.bind.annotation.adapters,javax.xml.bind.attachment,javax.xml.namespace,javax.xml.stream,javax.xml.transform,javax.xml.validation,org.w3c.dom,org.xml.sax&quot;
              jakarta.xml.bind-api [6]
                Unresolved requirement: Import-Package: javax.activation
         Unresolved requirement: Import-Package: javax.xml.bind.annotation; version=&quot;2.3.0&quot;
           -&gt; Export-Package: javax.xml.bind.annotation; bundle-symbolic-name=&quot;jakarta.xml.bind-api&quot;; bundle-version=&quot;2.3.3&quot;; version=&quot;2.3.3&quot;; uses:=&quot;javax.xml.bind,javax.xml.parsers,javax.xml.transform,javax.xml.transform.dom,org.w3c.dom&quot;
  Unresolved requirement: Import-Package: com.sun.xml.bind.marshaller; version=&quot;[2.3.0,3.0.0)&quot;; resolution:=&quot;optional&quot;
    -&gt; Export-Package: com.sun.xml.bind.marshaller; bundle-symbolic-name=&quot;com.sun.xml.bind.jaxb-osgi&quot;; bundle-version=&quot;2.3.3&quot;; version=&quot;2.3.3&quot;; uses:=&quot;javax.xml.parsers,org.w3c.dom,org.xml.sax,org.xml.sax.helpers&quot;
  Unresolved requirement: Import-Package: com.sun.xml.bind.api; version=&quot;[2.3.0,3.0.0)&quot;; resolution:=&quot;optional&quot;
    -&gt; Export-Package: com.sun.xml.bind.api; bundle-symbolic-name=&quot;com.sun.xml.bind.jaxb-osgi&quot;; bundle-version=&quot;2.3.3&quot;; version=&quot;2.3.3&quot;; uses:=&quot;com.sun.xml.bind.v2.model.annotation,com.sun.xml.bind.v2.model.runtime,com.sun.xml.bind.v2.runtime,javax.xml.bind,javax.xml.bind.attachment,javax.xml.namespace,javax.xml.stream,javax.xml.transform,org.w3c.dom,org.xml.sax&quot;
  Unresolved requirement: Import-Package: com.sun.xml.fastinfoset.stax; version=&quot;[1.2.0,2.0.0)&quot;; resolution:=&quot;optional&quot;
    -&gt; Export-Package: com.sun.xml.fastinfoset.stax; bundle-symbolic-name=&quot;com.sun.xml.bind.jaxb-osgi&quot;; bundle-version=&quot;2.3.3&quot;; version=&quot;1.2.18&quot;; uses:=&quot;com.sun.xml.fastinfoset,com.sun.xml.fastinfoset.sax,com.sun.xml.fastinfoset.util,javax.xml.namespace,javax.xml.stream,org.jvnet.fastinfoset,org.jvnet.fastinfoset.stax&quot;


org.apache.cxf.cxf-rt-frontend-jaxrs [12];3.4.3
    Could not resolve module: org.apache.cxf.cxf-rt-frontend-jaxrs [12]
  Unresolved requirement: Import-Package: javax.activation; version=&quot;[0.0.0,2.0.0)&quot;


org.apache.cxf.cxf-rt-rs-client [13];3.4.3
    Could not resolve module: org.apache.cxf.cxf-rt-rs-client [13]
  Unresolved requirement: Import-Package: javax.cache; version=&quot;[1.1.0,2.0.0)&quot;; resolution:=&quot;optional&quot;
  Unresolved requirement: Import-Package: javax.cache.configuration; version=&quot;[1.1.0,2.0.0)&quot;; resolution:=&quot;optional&quot;
  Unresolved requirement: Import-Package: javax.cache.spi; version=&quot;[1.1.0,2.0.0)&quot;; resolution:=&quot;optional&quot;
  Unresolved requirement: Import-Package: javax.ws.rs.client; version=&quot;[2.1.0,3.0.0)&quot;
    -&gt; Export-Package: javax.ws.rs.client; bundle-symbolic-name=&quot;org.apache.aries.javax.jax.rs-api&quot;; bundle-version=&quot;1.0.4&quot;; version=&quot;2.1.0&quot;; uses:=&quot;javax.net.ssl,javax.ws.rs,javax.ws.rs.core&quot;
       org.apache.aries.javax.jax.rs-api [8]
         Unresolved requirement: Import-Package: org.apache.geronimo.osgi.registry.api; resolution:=&quot;optional&quot;
         Unresolved requirement: Import-Package: javax.xml.bind.annotation
           -&gt; Export-Package: javax.xml.bind.annotation; bundle-symbolic-name=&quot;jakarta.xml.bind-api&quot;; bundle-version=&quot;2.3.3&quot;; version=&quot;2.3.3&quot;; uses:=&quot;javax.xml.bind,javax.xml.parsers,javax.xml.transform,javax.xml.transform.dom,org.w3c.dom&quot;
              jakarta.xml.bind-api [6]
                Unresolved requirement: Import-Package: javax.activation
         Unresolved requirement: Import-Package: javax.xml.bind.annotation.adapters
           -&gt; Export-Package: javax.xml.bind.annotation.adapters; bundle-symbolic-name=&quot;jakarta.xml.bind-api&quot;; bundle-version=&quot;2.3.3&quot;; version=&quot;2.3.3&quot;
  Unresolved requirement: Import-Package: javax.ws.rs; version=&quot;[2.1.0,3.0.0)&quot;
    -&gt; Export-Package: javax.ws.rs; bundle-symbolic-name=&quot;org.apache.aries.javax.jax.rs-api&quot;; bundle-version=&quot;1.0.4&quot;; version=&quot;2.1.0&quot;; uses:=&quot;javax.ws.rs.core&quot;


org.apache.cxf.cxf-rt-rs-sse [14];3.4.3
    Could not resolve module: org.apache.cxf.cxf-rt-rs-sse [14]
  Unresolved requirement: Import-Package: javax.ws.rs; version=&quot;[2.1.0,3.0.0)&quot;
    -&gt; Export-Package: javax.ws.rs; bundle-symbolic-name=&quot;org.apache.aries.javax.jax.rs-api&quot;; bundle-version=&quot;1.0.4&quot;; version=&quot;2.1.0&quot;; uses:=&quot;javax.ws.rs.core&quot;
       org.apache.aries.javax.jax.rs-api [8]
         Unresolved requirement: Import-Package: org.apache.geronimo.osgi.registry.api; resolution:=&quot;optional&quot;
         Unresolved requirement: Import-Package: javax.xml.bind.annotation
           -&gt; Export-Package: javax.xml.bind.annotation; bundle-symbolic-name=&quot;jakarta.xml.bind-api&quot;; bundle-version=&quot;2.3.3&quot;; version=&quot;2.3.3&quot;; uses:=&quot;javax.xml.bind,javax.xml.parsers,javax.xml.transform,javax.xml.transform.dom,org.w3c.dom&quot;
              jakarta.xml.bind-api [6]
                Unresolved requirement: Import-Package: javax.activation
         Unresolved requirement: Import-Package: javax.xml.bind.annotation.adapters
           -&gt; Export-Package: javax.xml.bind.annotation.adapters; bundle-symbolic-name=&quot;jakarta.xml.bind-api&quot;; bundle-version=&quot;2.3.3&quot;; version=&quot;2.3.3&quot;
  Unresolved requirement: Import-Package: javax.ws.rs.client; version=&quot;[2.1.0,3.0.0)&quot;
    -&gt; Export-Package: javax.ws.rs.client; bundle-symbolic-name=&quot;org.apache.aries.javax.jax.rs-api&quot;; bundle-version=&quot;1.0.4&quot;; version=&quot;2.1.0&quot;; uses:=&quot;javax.net.ssl,javax.ws.rs,javax.ws.rs.core&quot;


org.apache.cxf.cxf-rt-security [15];3.4.3
    Could not resolve module: org.apache.cxf.cxf-rt-security [15]
  Unresolved requirement: Import-Package: org.apache.cxf.common.classloader; version=&quot;[3.4.0,4.0.0)&quot;
    -&gt; Export-Package: org.apache.cxf.common.classloader; bundle-symbolic-name=&quot;org.apache.cxf.cxf-core&quot;; bundle-version=&quot;3.4.3&quot;; version=&quot;3.4.3&quot;
       org.apache.cxf.cxf-core [11]
         Unresolved requirement: Import-Package: com.sun.msv.grammar; version=&quot;[2013.6.0,2014.0.0)&quot;; resolution:=&quot;optional&quot;
         Unresolved requirement: Import-Package: com.sun.msv.grammar.xmlschema; version=&quot;[2013.6.0,2014.0.0)&quot;; resolution:=&quot;optional&quot;
         Unresolved requirement: Import-Package: com.sun.msv.reader; version=&quot;[2013.6.0,2014.0.0)&quot;; resolution:=&quot;optional&quot;
         Unresolved requirement: Import-Package: com.sun.msv.reader.xmlschema; version=&quot;[2013.6.0,2014.0.0)&quot;; resolution:=&quot;optional&quot;
         Unresolved requirement: Import-Package: com.sun.tools.internal.xjc.api; resolution:=&quot;optional&quot;
         Unresolved requirement: Import-Package: com.sun.xml.internal.messaging.saaj.soap; resolution:=&quot;optional&quot;
         Unresolved requirement: Import-Package: com.sun.xml.messaging.saaj.soap; resolution:=&quot;optional&quot;
         Unresolved requirement: Import-Package: javax.activation; version=&quot;[0.0.0,2.0.0)&quot;
         Unresolved requirement: Import-Package: com.sun.tools.xjc.api; resolution:=&quot;optional&quot;
           -&gt; Export-Package: com.sun.tools.xjc.api; bundle-symbolic-name=&quot;com.sun.xml.bind.jaxb-osgi&quot;; bundle-version=&quot;2.3.3&quot;; version=&quot;2.3.3&quot;; uses:=&quot;com.sun.codemodel,com.sun.tools.xjc,com.sun.xml.bind.api,javax.annotation.processing,javax.lang.model.element,javax.lang.model.type,javax.xml.bind,javax.xml.namespace,javax.xml.stream,javax.xml.transform,org.w3c.dom,org.xml.sax&quot;
              com.sun.xml.bind.jaxb-osgi [5]
                Unresolved requirement: Import-Package: javax.xml.bind; version=&quot;2.3.0&quot;
                  -&gt; Export-Package: javax.xml.bind; bundle-symbolic-name=&quot;jakarta.xml.bind-api&quot;; bundle-version=&quot;2.3.3&quot;; version=&quot;2.3.3&quot;; uses:=&quot;javax.xml.bind.annotation.adapters,javax.xml.bind.attachment,javax.xml.namespace,javax.xml.stream,javax.xml.transform,javax.xml.validation,org.w3c.dom,org.xml.sax&quot;
                     jakarta.xml.bind-api [6]
                       Unresolved requirement: Import-Package: javax.activation
                Unresolved requirement: Import-Package: javax.xml.bind.annotation; version=&quot;2.3.0&quot;
                  -&gt; Export-Package: javax.xml.bind.annotation; bundle-symbolic-name=&quot;jakarta.xml.bind-api&quot;; bundle-version=&quot;2.3.3&quot;; version=&quot;2.3.3&quot;; uses:=&quot;javax.xml.bind,javax.xml.parsers,javax.xml.transform,javax.xml.transform.dom,org.w3c.dom&quot;
         Unresolved requirement: Import-Package: com.sun.xml.bind.marshaller; version=&quot;[2.3.0,3.0.0)&quot;; resolution:=&quot;optional&quot;
           -&gt; Export-Package: com.sun.xml.bind.marshaller; bundle-symbolic-name=&quot;com.sun.xml.bind.jaxb-osgi&quot;; bundle-version=&quot;2.3.3&quot;; version=&quot;2.3.3&quot;; uses:=&quot;javax.xml.parsers,org.w3c.dom,org.xml.sax,org.xml.sax.helpers&quot;
         Unresolved requirement: Import-Package: com.sun.xml.bind.api; version=&quot;[2.3.0,3.0.0)&quot;; resolution:=&quot;optional&quot;
           -&gt; Export-Package: com.sun.xml.bind.api; bundle-symbolic-name=&quot;com.sun.xml.bind.jaxb-osgi&quot;; bundle-version=&quot;2.3.3&quot;; version=&quot;2.3.3&quot;; uses:=&quot;com.sun.xml.bind.v2.model.annotation,com.sun.xml.bind.v2.model.runtime,com.sun.xml.bind.v2.runtime,javax.xml.bind,javax.xml.bind.attachment,javax.xml.namespace,javax.xml.stream,javax.xml.transform,org.w3c.dom,org.xml.sax&quot;
         Unresolved requirement: Import-Package: com.sun.xml.fastinfoset.stax; version=&quot;[1.2.0,2.0.0)&quot;; resolution:=&quot;optional&quot;
           -&gt; Export-Package: com.sun.xml.fastinfoset.stax; bundle-symbolic-name=&quot;com.sun.xml.bind.jaxb-osgi&quot;; bundle-version=&quot;2.3.3&quot;; version=&quot;1.2.18&quot;; uses:=&quot;com.sun.xml.fastinfoset,com.sun.xml.fastinfoset.sax,com.sun.xml.fastinfoset.util,javax.xml.namespace,javax.xml.stream,org.jvnet.fastinfoset,org.jvnet.fastinfoset.stax&quot;
  Unresolved requirement: Import-Package: org.apache.cxf; version=&quot;[3.4.0,4.0.0)&quot;
    -&gt; Export-Package: org.apache.cxf; bundle-symbolic-name=&quot;org.apache.cxf.cxf-core&quot;; bundle-version=&quot;3.4.3&quot;; version=&quot;3.4.3&quot;


org.apache.cxf.cxf-rt-transports-http [16];3.4.3
    Could not resolve module: org.apache.cxf.cxf-rt-transports-http [16]
  Unresolved requirement: Import-Package: com.sun.activation.registries; version=&quot;[1.2.0,2.0.0)&quot;; resolution:=&quot;optional&quot;
  Unresolved requirement: Import-Package: javax.activation; version=&quot;[0.0.0,2.0.0)&quot;


org.osgi.service.jaxrs [24];1.0.0.201802012106
    Could not resolve module: org.osgi.service.jaxrs [24]
  Unresolved requirement: Import-Package: javax.ws.rs.core
    -&gt; Export-Package: javax.ws.rs.core; bundle-symbolic-name=&quot;org.apache.aries.javax.jax.rs-api&quot;; bundle-version=&quot;1.0.4&quot;; version=&quot;2.1.0&quot;; uses:=&quot;javax.ws.rs,javax.xml.bind.annotation,javax.xml.bind.annotation.adapters,javax.xml.namespace&quot;
       org.apache.aries.javax.jax.rs-api [8]
         Unresolved requirement: Import-Package: org.apache.geronimo.osgi.registry.api; resolution:=&quot;optional&quot;
         Unresolved requirement: Import-Package: javax.xml.bind.annotation
           -&gt; Export-Package: javax.xml.bind.annotation; bundle-symbolic-name=&quot;jakarta.xml.bind-api&quot;; bundle-version=&quot;2.3.3&quot;; version=&quot;2.3.3&quot;; uses:=&quot;javax.xml.bind,javax.xml.parsers,javax.xml.transform,javax.xml.transform.dom,org.w3c.dom&quot;
              jakarta.xml.bind-api [6]
                Unresolved requirement: Import-Package: javax.activation
         Unresolved requirement: Import-Package: javax.xml.bind.annotation.adapters
           -&gt; Export-Package: javax.xml.bind.annotation.adapters; bundle-symbolic-name=&quot;jakarta.xml.bind-api&quot;; bundle-version=&quot;2.3.3&quot;; version=&quot;2.3.3&quot;
  Unresolved requirement: Import-Package: javax.ws.rs.client
    -&gt; Export-Package: javax.ws.rs.client; bundle-symbolic-name=&quot;org.apache.aries.javax.jax.rs-api&quot;; bundle-version=&quot;1.0.4&quot;; version=&quot;2.1.0&quot;; uses:=&quot;javax.net.ssl,javax.ws.rs,javax.ws.rs.core&quot;


org.osgi.test.cases.jaxrs [25];8.0.0.202109232339-SNAPSHOT
    Could not resolve module: org.osgi.test.cases.jaxrs [25]
  Unresolved requirement: Import-Package: org.osgi.service.jaxrs.runtime.dto; version=&quot;[1.0.0,2.0.0)&quot;
    -&gt; Export-Package: org.osgi.service.jaxrs.runtime.dto; bundle-symbolic-name=&quot;org.osgi.service.jaxrs&quot;; bundle-version=&quot;1.0.0.201802012106&quot;; version=&quot;1.0.0&quot;; uses:=&quot;org.osgi.dto,org.osgi.framework.dto&quot;
       org.osgi.service.jaxrs [24]
         Unresolved requirement: Import-Package: javax.ws.rs.core
           -&gt; Export-Package: javax.ws.rs.core; bundle-symbolic-name=&quot;org.apache.aries.javax.jax.rs-api&quot;; bundle-version=&quot;1.0.4&quot;; version=&quot;2.1.0&quot;; uses:=&quot;javax.ws.rs,javax.xml.bind.annotation,javax.xml.bind.annotation.adapters,javax.xml.namespace&quot;
              org.apache.aries.javax.jax.rs-api [8]
                Unresolved requirement: Import-Package: org.apache.geronimo.osgi.registry.api; resolution:=&quot;optional&quot;
                Unresolved requirement: Import-Package: javax.xml.bind.annotation
                  -&gt; Export-Package: javax.xml.bind.annotation; bundle-symbolic-name=&quot;jakarta.xml.bind-api&quot;; bundle-version=&quot;2.3.3&quot;; version=&quot;2.3.3&quot;; uses:=&quot;javax.xml.bind,javax.xml.parsers,javax.xml.transform,javax.xml.transform.dom,org.w3c.dom&quot;
                     jakarta.xml.bind-api [6]
                       Unresolved requirement: Import-Package: javax.activation
                Unresolved requirement: Import-Package: javax.xml.bind.annotation.adapters
                  -&gt; Export-Package: javax.xml.bind.annotation.adapters; bundle-symbolic-name=&quot;jakarta.xml.bind-api&quot;; bundle-version=&quot;2.3.3&quot;; version=&quot;2.3.3&quot;
         Unresolved requirement: Import-Package: javax.ws.rs.client
           -&gt; Export-Package: javax.ws.rs.client; bundle-symbolic-name=&quot;org.apache.aries.javax.jax.rs-api&quot;; bundle-version=&quot;1.0.4&quot;; version=&quot;2.1.0&quot;; uses:=&quot;javax.net.ssl,javax.ws.rs,javax.ws.rs.core&quot;
  Unresolved requirement: Import-Package: org.osgi.service.jaxrs.runtime; version=&quot;[1.0.0,2.0.0)&quot;
    -&gt; Export-Package: org.osgi.service.jaxrs.runtime; bundle-symbolic-name=&quot;org.osgi.service.jaxrs&quot;; bundle-version=&quot;1.0.0.201802012106&quot;; version=&quot;1.0.0&quot;; uses:=&quot;org.osgi.service.jaxrs.runtime.dto&quot;


"><![CDATA[junit.framework.AssertionFailedError: Unresolved bundles
com.sun.xml.bind.jaxb-osgi [5];2.3.3
    Could not resolve module: com.sun.xml.bind.jaxb-osgi [5]
  Unresolved requirement: Import-Package: javax.xml.bind; version="2.3.0"
    -> Export-Package: javax.xml.bind; bundle-symbolic-name="jakarta.xml.bind-api"; bundle-version="2.3.3"; version="2.3.3"; uses:="javax.xml.bind.annotation.adapters,javax.xml.bind.attachment,javax.xml.namespace,javax.xml.stream,javax.xml.transform,javax.xml.validation,org.w3c.dom,org.xml.sax"
       jakarta.xml.bind-api [6]
         Unresolved requirement: Import-Package: javax.activation
  Unresolved requirement: Import-Package: javax.xml.bind.annotation; version="2.3.0"
    -> Export-Package: javax.xml.bind.annotation; bundle-symbolic-name="jakarta.xml.bind-api"; bundle-version="2.3.3"; version="2.3.3"; uses:="javax.xml.bind,javax.xml.parsers,javax.xml.transform,javax.xml.transform.dom,org.w3c.dom"


jakarta.xml.bind-api [6];2.3.3
    Could not resolve module: jakarta.xml.bind-api [6]
  Unresolved requirement: Import-Package: javax.activation


org.apache.aries.javax.jax.rs-api [8];1.0.4
    Could not resolve module: org.apache.aries.javax.jax.rs-api [8]
  Unresolved requirement: Import-Package: org.apache.geronimo.osgi.registry.api; resolution:="optional"
  Unresolved requirement: Import-Package: javax.xml.bind.annotation
    -> Export-Package: javax.xml.bind.annotation; bundle-symbolic-name="jakarta.xml.bind-api"; bundle-version="2.3.3"; version="2.3.3"; uses:="javax.xml.bind,javax.xml.parsers,javax.xml.transform,javax.xml.transform.dom,org.w3c.dom"
       jakarta.xml.bind-api [6]
         Unresolved requirement: Import-Package: javax.activation
  Unresolved requirement: Import-Package: javax.xml.bind.annotation.adapters
    -> Export-Package: javax.xml.bind.annotation.adapters; bundle-symbolic-name="jakarta.xml.bind-api"; bundle-version="2.3.3"; version="2.3.3"


org.apache.aries.jax.rs.whiteboard [9];2.0.1
    Could not resolve module: org.apache.aries.jax.rs.whiteboard [9]
  Unresolved requirement: Import-Package: com.sun.xml.bind.annotation; version="[2.3.0,3.0.0)"
    -> Export-Package: com.sun.xml.bind.annotation; bundle-symbolic-name="com.sun.xml.bind.jaxb-osgi"; bundle-version="2.3.3"; version="2.3.3"
       com.sun.xml.bind.jaxb-osgi [5]
         Unresolved requirement: Import-Package: javax.xml.bind; version="2.3.0"
           -> Export-Package: javax.xml.bind; bundle-symbolic-name="jakarta.xml.bind-api"; bundle-version="2.3.3"; version="2.3.3"; uses:="javax.xml.bind.annotation.adapters,javax.xml.bind.attachment,javax.xml.namespace,javax.xml.stream,javax.xml.transform,javax.xml.validation,org.w3c.dom,org.xml.sax"
              jakarta.xml.bind-api [6]
                Unresolved requirement: Import-Package: javax.activation
         Unresolved requirement: Import-Package: javax.xml.bind.annotation; version="2.3.0"
           -> Export-Package: javax.xml.bind.annotation; bundle-symbolic-name="jakarta.xml.bind-api"; bundle-version="2.3.3"; version="2.3.3"; uses:="javax.xml.bind,javax.xml.parsers,javax.xml.transform,javax.xml.transform.dom,org.w3c.dom"
  Unresolved requirement: Import-Package: javax.ws.rs.client
    -> Export-Package: javax.ws.rs.client; bundle-symbolic-name="org.apache.aries.javax.jax.rs-api"; bundle-version="1.0.4"; version="2.1.0"; uses:="javax.net.ssl,javax.ws.rs,javax.ws.rs.core"
       org.apache.aries.javax.jax.rs-api [8]
         Unresolved requirement: Import-Package: org.apache.geronimo.osgi.registry.api; resolution:="optional"
         Unresolved requirement: Import-Package: javax.xml.bind.annotation
           -> Export-Package: javax.xml.bind.annotation; bundle-symbolic-name="jakarta.xml.bind-api"; bundle-version="2.3.3"; version="2.3.3"; uses:="javax.xml.bind,javax.xml.parsers,javax.xml.transform,javax.xml.transform.dom,org.w3c.dom"
  Unresolved requirement: Import-Package: javax.ws.rs
    -> Export-Package: javax.ws.rs; bundle-symbolic-name="org.apache.aries.javax.jax.rs-api"; bundle-version="1.0.4"; version="2.1.0"; uses:="javax.ws.rs.core"


org.apache.cxf.cxf-core [11];3.4.3
    Could not resolve module: org.apache.cxf.cxf-core [11]
  Unresolved requirement: Import-Package: com.sun.msv.grammar; version="[2013.6.0,2014.0.0)"; resolution:="optional"
  Unresolved requirement: Import-Package: com.sun.msv.grammar.xmlschema; version="[2013.6.0,2014.0.0)"; resolution:="optional"
  Unresolved requirement: Import-Package: com.sun.msv.reader; version="[2013.6.0,2014.0.0)"; resolution:="optional"
  Unresolved requirement: Import-Package: com.sun.msv.reader.xmlschema; version="[2013.6.0,2014.0.0)"; resolution:="optional"
  Unresolved requirement: Import-Package: com.sun.tools.internal.xjc.api; resolution:="optional"
  Unresolved requirement: Import-Package: com.sun.xml.internal.messaging.saaj.soap; resolution:="optional"
  Unresolved requirement: Import-Package: com.sun.xml.messaging.saaj.soap; resolution:="optional"
  Unresolved requirement: Import-Package: javax.activation; version="[0.0.0,2.0.0)"
  Unresolved requirement: Import-Package: com.sun.tools.xjc.api; resolution:="optional"
    -> Export-Package: com.sun.tools.xjc.api; bundle-symbolic-name="com.sun.xml.bind.jaxb-osgi"; bundle-version="2.3.3"; version="2.3.3"; uses:="com.sun.codemodel,com.sun.tools.xjc,com.sun.xml.bind.api,javax.annotation.processing,javax.lang.model.element,javax.lang.model.type,javax.xml.bind,javax.xml.namespace,javax.xml.stream,javax.xml.transform,org.w3c.dom,org.xml.sax"
       com.sun.xml.bind.jaxb-osgi [5]
         Unresolved requirement: Import-Package: javax.xml.bind; version="2.3.0"
           -> Export-Package: javax.xml.bind; bundle-symbolic-name="jakarta.xml.bind-api"; bundle-version="2.3.3"; version="2.3.3"; uses:="javax.xml.bind.annotation.adapters,javax.xml.bind.attachment,javax.xml.namespace,javax.xml.stream,javax.xml.transform,javax.xml.validation,org.w3c.dom,org.xml.sax"
              jakarta.xml.bind-api [6]
                Unresolved requirement: Import-Package: javax.activation
         Unresolved requirement: Import-Package: javax.xml.bind.annotation; version="2.3.0"
           -> Export-Package: javax.xml.bind.annotation; bundle-symbolic-name="jakarta.xml.bind-api"; bundle-version="2.3.3"; version="2.3.3"; uses:="javax.xml.bind,javax.xml.parsers,javax.xml.transform,javax.xml.transform.dom,org.w3c.dom"
  Unresolved requirement: Import-Package: com.sun.xml.bind.marshaller; version="[2.3.0,3.0.0)"; resolution:="optional"
    -> Export-Package: com.sun.xml.bind.marshaller; bundle-symbolic-name="com.sun.xml.bind.jaxb-osgi"; bundle-version="2.3.3"; version="2.3.3"; uses:="javax.xml.parsers,org.w3c.dom,org.xml.sax,org.xml.sax.helpers"
  Unresolved requirement: Import-Package: com.sun.xml.bind.api; version="[2.3.0,3.0.0)"; resolution:="optional"
    -> Export-Package: com.sun.xml.bind.api; bundle-symbolic-name="com.sun.xml.bind.jaxb-osgi"; bundle-version="2.3.3"; version="2.3.3"; uses:="com.sun.xml.bind.v2.model.annotation,com.sun.xml.bind.v2.model.runtime,com.sun.xml.bind.v2.runtime,javax.xml.bind,javax.xml.bind.attachment,javax.xml.namespace,javax.xml.stream,javax.xml.transform,org.w3c.dom,org.xml.sax"
  Unresolved requirement: Import-Package: com.sun.xml.fastinfoset.stax; version="[1.2.0,2.0.0)"; resolution:="optional"
    -> Export-Package: com.sun.xml.fastinfoset.stax; bundle-symbolic-name="com.sun.xml.bind.jaxb-osgi"; bundle-version="2.3.3"; version="1.2.18"; uses:="com.sun.xml.fastinfoset,com.sun.xml.fastinfoset.sax,com.sun.xml.fastinfoset.util,javax.xml.namespace,javax.xml.stream,org.jvnet.fastinfoset,org.jvnet.fastinfoset.stax"


org.apache.cxf.cxf-rt-frontend-jaxrs [12];3.4.3
    Could not resolve module: org.apache.cxf.cxf-rt-frontend-jaxrs [12]
  Unresolved requirement: Import-Package: javax.activation; version="[0.0.0,2.0.0)"


org.apache.cxf.cxf-rt-rs-client [13];3.4.3
    Could not resolve module: org.apache.cxf.cxf-rt-rs-client [13]
  Unresolved requirement: Import-Package: javax.cache; version="[1.1.0,2.0.0)"; resolution:="optional"
  Unresolved requirement: Import-Package: javax.cache.configuration; version="[1.1.0,2.0.0)"; resolution:="optional"
  Unresolved requirement: Import-Package: javax.cache.spi; version="[1.1.0,2.0.0)"; resolution:="optional"
  Unresolved requirement: Import-Package: javax.ws.rs.client; version="[2.1.0,3.0.0)"
    -> Export-Package: javax.ws.rs.client; bundle-symbolic-name="org.apache.aries.javax.jax.rs-api"; bundle-version="1.0.4"; version="2.1.0"; uses:="javax.net.ssl,javax.ws.rs,javax.ws.rs.core"
       org.apache.aries.javax.jax.rs-api [8]
         Unresolved requirement: Import-Package: org.apache.geronimo.osgi.registry.api; resolution:="optional"
         Unresolved requirement: Import-Package: javax.xml.bind.annotation
           -> Export-Package: javax.xml.bind.annotation; bundle-symbolic-name="jakarta.xml.bind-api"; bundle-version="2.3.3"; version="2.3.3"; uses:="javax.xml.bind,javax.xml.parsers,javax.xml.transform,javax.xml.transform.dom,org.w3c.dom"
              jakarta.xml.bind-api [6]
                Unresolved requirement: Import-Package: javax.activation
         Unresolved requirement: Import-Package: javax.xml.bind.annotation.adapters
           -> Export-Package: javax.xml.bind.annotation.adapters; bundle-symbolic-name="jakarta.xml.bind-api"; bundle-version="2.3.3"; version="2.3.3"
  Unresolved requirement: Import-Package: javax.ws.rs; version="[2.1.0,3.0.0)"
    -> Export-Package: javax.ws.rs; bundle-symbolic-name="org.apache.aries.javax.jax.rs-api"; bundle-version="1.0.4"; version="2.1.0"; uses:="javax.ws.rs.core"


org.apache.cxf.cxf-rt-rs-sse [14];3.4.3
    Could not resolve module: org.apache.cxf.cxf-rt-rs-sse [14]
  Unresolved requirement: Import-Package: javax.ws.rs; version="[2.1.0,3.0.0)"
    -> Export-Package: javax.ws.rs; bundle-symbolic-name="org.apache.aries.javax.jax.rs-api"; bundle-version="1.0.4"; version="2.1.0"; uses:="javax.ws.rs.core"
       org.apache.aries.javax.jax.rs-api [8]
         Unresolved requirement: Import-Package: org.apache.geronimo.osgi.registry.api; resolution:="optional"
         Unresolved requirement: Import-Package: javax.xml.bind.annotation
           -> Export-Package: javax.xml.bind.annotation; bundle-symbolic-name="jakarta.xml.bind-api"; bundle-version="2.3.3"; version="2.3.3"; uses:="javax.xml.bind,javax.xml.parsers,javax.xml.transform,javax.xml.transform.dom,org.w3c.dom"
              jakarta.xml.bind-api [6]
                Unresolved requirement: Import-Package: javax.activation
         Unresolved requirement: Import-Package: javax.xml.bind.annotation.adapters
           -> Export-Package: javax.xml.bind.annotation.adapters; bundle-symbolic-name="jakarta.xml.bind-api"; bundle-version="2.3.3"; version="2.3.3"
  Unresolved requirement: Import-Package: javax.ws.rs.client; version="[2.1.0,3.0.0)"
    -> Export-Package: javax.ws.rs.client; bundle-symbolic-name="org.apache.aries.javax.jax.rs-api"; bundle-version="1.0.4"; version="2.1.0"; uses:="javax.net.ssl,javax.ws.rs,javax.ws.rs.core"


org.apache.cxf.cxf-rt-security [15];3.4.3
    Could not resolve module: org.apache.cxf.cxf-rt-security [15]
  Unresolved requirement: Import-Package: org.apache.cxf.common.classloader; version="[3.4.0,4.0.0)"
    -> Export-Package: org.apache.cxf.common.classloader; bundle-symbolic-name="org.apache.cxf.cxf-core"; bundle-version="3.4.3"; version="3.4.3"
       org.apache.cxf.cxf-core [11]
         Unresolved requirement: Import-Package: com.sun.msv.grammar; version="[2013.6.0,2014.0.0)"; resolution:="optional"
         Unresolved requirement: Import-Package: com.sun.msv.grammar.xmlschema; version="[2013.6.0,2014.0.0)"; resolution:="optional"
         Unresolved requirement: Import-Package: com.sun.msv.reader; version="[2013.6.0,2014.0.0)"; resolution:="optional"
         Unresolved requirement: Import-Package: com.sun.msv.reader.xmlschema; version="[2013.6.0,2014.0.0)"; resolution:="optional"
         Unresolved requirement: Import-Package: com.sun.tools.internal.xjc.api; resolution:="optional"
         Unresolved requirement: Import-Package: com.sun.xml.internal.messaging.saaj.soap; resolution:="optional"
         Unresolved requirement: Import-Package: com.sun.xml.messaging.saaj.soap; resolution:="optional"
         Unresolved requirement: Import-Package: javax.activation; version="[0.0.0,2.0.0)"
         Unresolved requirement: Import-Package: com.sun.tools.xjc.api; resolution:="optional"
           -> Export-Package: com.sun.tools.xjc.api; bundle-symbolic-name="com.sun.xml.bind.jaxb-osgi"; bundle-version="2.3.3"; version="2.3.3"; uses:="com.sun.codemodel,com.sun.tools.xjc,com.sun.xml.bind.api,javax.annotation.processing,javax.lang.model.element,javax.lang.model.type,javax.xml.bind,javax.xml.namespace,javax.xml.stream,javax.xml.transform,org.w3c.dom,org.xml.sax"
              com.sun.xml.bind.jaxb-osgi [5]
                Unresolved requirement: Import-Package: javax.xml.bind; version="2.3.0"
                  -> Export-Package: javax.xml.bind; bundle-symbolic-name="jakarta.xml.bind-api"; bundle-version="2.3.3"; version="2.3.3"; uses:="javax.xml.bind.annotation.adapters,javax.xml.bind.attachment,javax.xml.namespace,javax.xml.stream,javax.xml.transform,javax.xml.validation,org.w3c.dom,org.xml.sax"
                     jakarta.xml.bind-api [6]
                       Unresolved requirement: Import-Package: javax.activation
                Unresolved requirement: Import-Package: javax.xml.bind.annotation; version="2.3.0"
                  -> Export-Package: javax.xml.bind.annotation; bundle-symbolic-name="jakarta.xml.bind-api"; bundle-version="2.3.3"; version="2.3.3"; uses:="javax.xml.bind,javax.xml.parsers,javax.xml.transform,javax.xml.transform.dom,org.w3c.dom"
         Unresolved requirement: Import-Package: com.sun.xml.bind.marshaller; version="[2.3.0,3.0.0)"; resolution:="optional"
           -> Export-Package: com.sun.xml.bind.marshaller; bundle-symbolic-name="com.sun.xml.bind.jaxb-osgi"; bundle-version="2.3.3"; version="2.3.3"; uses:="javax.xml.parsers,org.w3c.dom,org.xml.sax,org.xml.sax.helpers"
         Unresolved requirement: Import-Package: com.sun.xml.bind.api; version="[2.3.0,3.0.0)"; resolution:="optional"
           -> Export-Package: com.sun.xml.bind.api; bundle-symbolic-name="com.sun.xml.bind.jaxb-osgi"; bundle-version="2.3.3"; version="2.3.3"; uses:="com.sun.xml.bind.v2.model.annotation,com.sun.xml.bind.v2.model.runtime,com.sun.xml.bind.v2.runtime,javax.xml.bind,javax.xml.bind.attachment,javax.xml.namespace,javax.xml.stream,javax.xml.transform,org.w3c.dom,org.xml.sax"
         Unresolved requirement: Import-Package: com.sun.xml.fastinfoset.stax; version="[1.2.0,2.0.0)"; resolution:="optional"
           -> Export-Package: com.sun.xml.fastinfoset.stax; bundle-symbolic-name="com.sun.xml.bind.jaxb-osgi"; bundle-version="2.3.3"; version="1.2.18"; uses:="com.sun.xml.fastinfoset,com.sun.xml.fastinfoset.sax,com.sun.xml.fastinfoset.util,javax.xml.namespace,javax.xml.stream,org.jvnet.fastinfoset,org.jvnet.fastinfoset.stax"
  Unresolved requirement: Import-Package: org.apache.cxf; version="[3.4.0,4.0.0)"
    -> Export-Package: org.apache.cxf; bundle-symbolic-name="org.apache.cxf.cxf-core"; bundle-version="3.4.3"; version="3.4.3"


org.apache.cxf.cxf-rt-transports-http [16];3.4.3
    Could not resolve module: org.apache.cxf.cxf-rt-transports-http [16]
  Unresolved requirement: Import-Package: com.sun.activation.registries; version="[1.2.0,2.0.0)"; resolution:="optional"
  Unresolved requirement: Import-Package: javax.activation; version="[0.0.0,2.0.0)"


org.osgi.service.jaxrs [24];1.0.0.201802012106
    Could not resolve module: org.osgi.service.jaxrs [24]
  Unresolved requirement: Import-Package: javax.ws.rs.core
    -> Export-Package: javax.ws.rs.core; bundle-symbolic-name="org.apache.aries.javax.jax.rs-api"; bundle-version="1.0.4"; version="2.1.0"; uses:="javax.ws.rs,javax.xml.bind.annotation,javax.xml.bind.annotation.adapters,javax.xml.namespace"
       org.apache.aries.javax.jax.rs-api [8]
         Unresolved requirement: Import-Package: org.apache.geronimo.osgi.registry.api; resolution:="optional"
         Unresolved requirement: Import-Package: javax.xml.bind.annotation
           -> Export-Package: javax.xml.bind.annotation; bundle-symbolic-name="jakarta.xml.bind-api"; bundle-version="2.3.3"; version="2.3.3"; uses:="javax.xml.bind,javax.xml.parsers,javax.xml.transform,javax.xml.transform.dom,org.w3c.dom"
              jakarta.xml.bind-api [6]
                Unresolved requirement: Import-Package: javax.activation
         Unresolved requirement: Import-Package: javax.xml.bind.annotation.adapters
           -> Export-Package: javax.xml.bind.annotation.adapters; bundle-symbolic-name="jakarta.xml.bind-api"; bundle-version="2.3.3"; version="2.3.3"
  Unresolved requirement: Import-Package: javax.ws.rs.client
    -> Export-Package: javax.ws.rs.client; bundle-symbolic-name="org.apache.aries.javax.jax.rs-api"; bundle-version="1.0.4"; version="2.1.0"; uses:="javax.net.ssl,javax.ws.rs,javax.ws.rs.core"


org.osgi.test.cases.jaxrs [25];8.0.0.202109232339-SNAPSHOT
    Could not resolve module: org.osgi.test.cases.jaxrs [25]
  Unresolved requirement: Import-Package: org.osgi.service.jaxrs.runtime.dto; version="[1.0.0,2.0.0)"
    -> Export-Package: org.osgi.service.jaxrs.runtime.dto; bundle-symbolic-name="org.osgi.service.jaxrs"; bundle-version="1.0.0.201802012106"; version="1.0.0"; uses:="org.osgi.dto,org.osgi.framework.dto"
       org.osgi.service.jaxrs [24]
         Unresolved requirement: Import-Package: javax.ws.rs.core
           -> Export-Package: javax.ws.rs.core; bundle-symbolic-name="org.apache.aries.javax.jax.rs-api"; bundle-version="1.0.4"; version="2.1.0"; uses:="javax.ws.rs,javax.xml.bind.annotation,javax.xml.bind.annotation.adapters,javax.xml.namespace"
              org.apache.aries.javax.jax.rs-api [8]
                Unresolved requirement: Import-Package: org.apache.geronimo.osgi.registry.api; resolution:="optional"
                Unresolved requirement: Import-Package: javax.xml.bind.annotation
                  -> Export-Package: javax.xml.bind.annotation; bundle-symbolic-name="jakarta.xml.bind-api"; bundle-version="2.3.3"; version="2.3.3"; uses:="javax.xml.bind,javax.xml.parsers,javax.xml.transform,javax.xml.transform.dom,org.w3c.dom"
                     jakarta.xml.bind-api [6]
                       Unresolved requirement: Import-Package: javax.activation
                Unresolved requirement: Import-Package: javax.xml.bind.annotation.adapters
                  -> Export-Package: javax.xml.bind.annotation.adapters; bundle-symbolic-name="jakarta.xml.bind-api"; bundle-version="2.3.3"; version="2.3.3"
         Unresolved requirement: Import-Package: javax.ws.rs.client
           -> Export-Package: javax.ws.rs.client; bundle-symbolic-name="org.apache.aries.javax.jax.rs-api"; bundle-version="1.0.4"; version="2.1.0"; uses:="javax.net.ssl,javax.ws.rs,javax.ws.rs.core"
  Unresolved requirement: Import-Package: org.osgi.service.jaxrs.runtime; version="[1.0.0,2.0.0)"
    -> Export-Package: org.osgi.service.jaxrs.runtime; bundle-symbolic-name="org.osgi.service.jaxrs"; bundle-version="1.0.0.201802012106"; version="1.0.0"; uses:="org.osgi.service.jaxrs.runtime.dto"



 at junit.framework.Assert.fail(Assert.java:57)
 at junit.framework.Assert.assertTrue(Assert.java:22)
 at junit.framework.TestCase.assertTrue(TestCase.java:192)
 at aQute.junit.UnresolvedTester.testAllResolved(UnresolvedTester.java:51)
 at java.base/jdk.internal.reflect.NativeMethodAccessorImpl.invoke0(Native Method)
 at java.base/jdk.internal.reflect.NativeMethodAccessorImpl.invoke(NativeMethodAccessorImpl.java:77)
 at java.base/jdk.internal.reflect.DelegatingMethodAccessorImpl.invoke(DelegatingMethodAccessorImpl.java:43)
 at java.base/java.lang.reflect.Method.invoke(Method.java:568)
 at junit.framework.TestCase.runTest(TestCase.java:177)
 at junit.framework.TestCase.runBare(TestCase.java:142)
 at junit.framework.TestResult$1.protect(TestResult.java:122)
 at junit.framework.TestResult.runProtected(TestResult.java:142)
 at junit.framework.TestResult.run(TestResult.java:125)
 at junit.framework.TestCase.run(TestCase.java:130)
 at junit.framework.TestSuite.runTest(TestSuite.java:241)
 at junit.framework.TestSuite.run(TestSuite.java:236)
 at junit.framework.TestSuite.runTest(TestSuite.java:241)
 at junit.framework.TestSuite.run(TestSuite.java:236)
 at aQute.junit.Activator.test(Activator.java:354)
 at aQute.junit.Activator.run(Activator.java:169)
 at java.base/java.util.concurrent.Executors$RunnableAdapter.call(Executors.java:539)
 at aQute.launcher.Launcher.launch(Launcher.java:450)
 at aQute.launcher.Launcher.run(Launcher.java:184)
 at aQute.launcher.Launcher.main(Launcher.java:160)
 at aQute.launcher.pre.EmbeddedLauncher.executeWithRunPath(EmbeddedLauncher.java:170)
 at aQute.launcher.pre.EmbeddedLauncher.findAndExecute(EmbeddedLauncher.java:135)
 at aQute.launcher.pre.EmbeddedLauncher.main(EmbeddedLauncher.java:52)
]]>
    </failure>
    <system-err><![CDATA[Could not resolve module: com.sun.xml.bind.jaxb-osgi [5]
  Unresolved requirement: Import-Package: javax.xml.bind; version="2.3.0"
    -> Export-Package: javax.xml.bind; bundle-symbolic-name="jakarta.xml.bind-api"; bundle-version="2.3.3"; version="2.3.3"; uses:="javax.xml.bind.annotation.adapters,javax.xml.bind.attachment,javax.xml.namespace,javax.xml.stream,javax.xml.transform,javax.xml.validation,org.w3c.dom,org.xml.sax"
       jakarta.xml.bind-api [6]
         Unresolved requirement: Import-Package: javax.activation
  Unresolved requirement: Import-Package: javax.xml.bind.annotation; version="2.3.0"
    -> Export-Package: javax.xml.bind.annotation; bundle-symbolic-name="jakarta.xml.bind-api"; bundle-version="2.3.3"; version="2.3.3"; uses:="javax.xml.bind,javax.xml.parsers,javax.xml.transform,javax.xml.transform.dom,org.w3c.dom"

Could not resolve module: jakarta.xml.bind-api [6]
  Unresolved requirement: Import-Package: javax.activation

Could not resolve module: org.apache.aries.javax.jax.rs-api [8]
  Unresolved requirement: Import-Package: org.apache.geronimo.osgi.registry.api; resolution:="optional"
  Unresolved requirement: Import-Package: javax.xml.bind.annotation
    -> Export-Package: javax.xml.bind.annotation; bundle-symbolic-name="jakarta.xml.bind-api"; bundle-version="2.3.3"; version="2.3.3"; uses:="javax.xml.bind,javax.xml.parsers,javax.xml.transform,javax.xml.transform.dom,org.w3c.dom"
       jakarta.xml.bind-api [6]
         Unresolved requirement: Import-Package: javax.activation
  Unresolved requirement: Import-Package: javax.xml.bind.annotation.adapters
    -> Export-Package: javax.xml.bind.annotation.adapters; bundle-symbolic-name="jakarta.xml.bind-api"; bundle-version="2.3.3"; version="2.3.3"

Could not resolve module: org.apache.aries.jax.rs.whiteboard [9]
  Unresolved requirement: Import-Package: com.sun.xml.bind.annotation; version="[2.3.0,3.0.0)"
    -> Export-Package: com.sun.xml.bind.annotation; bundle-symbolic-name="com.sun.xml.bind.jaxb-osgi"; bundle-version="2.3.3"; version="2.3.3"
       com.sun.xml.bind.jaxb-osgi [5]
         Unresolved requirement: Import-Package: javax.xml.bind; version="2.3.0"
           -> Export-Package: javax.xml.bind; bundle-symbolic-name="jakarta.xml.bind-api"; bundle-version="2.3.3"; version="2.3.3"; uses:="javax.xml.bind.annotation.adapters,javax.xml.bind.attachment,javax.xml.namespace,javax.xml.stream,javax.xml.transform,javax.xml.validation,org.w3c.dom,org.xml.sax"
              jakarta.xml.bind-api [6]
                Unresolved requirement: Import-Package: javax.activation
         Unresolved requirement: Import-Package: javax.xml.bind.annotation; version="2.3.0"
           -> Export-Package: javax.xml.bind.annotation; bundle-symbolic-name="jakarta.xml.bind-api"; bundle-version="2.3.3"; version="2.3.3"; uses:="javax.xml.bind,javax.xml.parsers,javax.xml.transform,javax.xml.transform.dom,org.w3c.dom"
  Unresolved requirement: Import-Package: javax.ws.rs.client
    -> Export-Package: javax.ws.rs.client; bundle-symbolic-name="org.apache.aries.javax.jax.rs-api"; bundle-version="1.0.4"; version="2.1.0"; uses:="javax.net.ssl,javax.ws.rs,javax.ws.rs.core"
       org.apache.aries.javax.jax.rs-api [8]
         Unresolved requirement: Import-Package: org.apache.geronimo.osgi.registry.api; resolution:="optional"
         Unresolved requirement: Import-Package: javax.xml.bind.annotation
           -> Export-Package: javax.xml.bind.annotation; bundle-symbolic-name="jakarta.xml.bind-api"; bundle-version="2.3.3"; version="2.3.3"; uses:="javax.xml.bind,javax.xml.parsers,javax.xml.transform,javax.xml.transform.dom,org.w3c.dom"
  Unresolved requirement: Import-Package: javax.ws.rs
    -> Export-Package: javax.ws.rs; bundle-symbolic-name="org.apache.aries.javax.jax.rs-api"; bundle-version="1.0.4"; version="2.1.0"; uses:="javax.ws.rs.core"

Could not resolve module: org.apache.cxf.cxf-core [11]
  Unresolved requirement: Import-Package: com.sun.msv.grammar; version="[2013.6.0,2014.0.0)"; resolution:="optional"
  Unresolved requirement: Import-Package: com.sun.msv.grammar.xmlschema; version="[2013.6.0,2014.0.0)"; resolution:="optional"
  Unresolved requirement: Import-Package: com.sun.msv.reader; version="[2013.6.0,2014.0.0)"; resolution:="optional"
  Unresolved requirement: Import-Package: com.sun.msv.reader.xmlschema; version="[2013.6.0,2014.0.0)"; resolution:="optional"
  Unresolved requirement: Import-Package: com.sun.tools.internal.xjc.api; resolution:="optional"
  Unresolved requirement: Import-Package: com.sun.xml.internal.messaging.saaj.soap; resolution:="optional"
  Unresolved requirement: Import-Package: com.sun.xml.messaging.saaj.soap; resolution:="optional"
  Unresolved requirement: Import-Package: javax.activation; version="[0.0.0,2.0.0)"
  Unresolved requirement: Import-Package: com.sun.tools.xjc.api; resolution:="optional"
    -> Export-Package: com.sun.tools.xjc.api; bundle-symbolic-name="com.sun.xml.bind.jaxb-osgi"; bundle-version="2.3.3"; version="2.3.3"; uses:="com.sun.codemodel,com.sun.tools.xjc,com.sun.xml.bind.api,javax.annotation.processing,javax.lang.model.element,javax.lang.model.type,javax.xml.bind,javax.xml.namespace,javax.xml.stream,javax.xml.transform,org.w3c.dom,org.xml.sax"
       com.sun.xml.bind.jaxb-osgi [5]
         Unresolved requirement: Import-Package: javax.xml.bind; version="2.3.0"
           -> Export-Package: javax.xml.bind; bundle-symbolic-name="jakarta.xml.bind-api"; bundle-version="2.3.3"; version="2.3.3"; uses:="javax.xml.bind.annotation.adapters,javax.xml.bind.attachment,javax.xml.namespace,javax.xml.stream,javax.xml.transform,javax.xml.validation,org.w3c.dom,org.xml.sax"
              jakarta.xml.bind-api [6]
                Unresolved requirement: Import-Package: javax.activation
         Unresolved requirement: Import-Package: javax.xml.bind.annotation; version="2.3.0"
           -> Export-Package: javax.xml.bind.annotation; bundle-symbolic-name="jakarta.xml.bind-api"; bundle-version="2.3.3"; version="2.3.3"; uses:="javax.xml.bind,javax.xml.parsers,javax.xml.transform,javax.xml.transform.dom,org.w3c.dom"
  Unresolved requirement: Import-Package: com.sun.xml.bind.marshaller; version="[2.3.0,3.0.0)"; resolution:="optional"
    -> Export-Package: com.sun.xml.bind.marshaller; bundle-symbolic-name="com.sun.xml.bind.jaxb-osgi"; bundle-version="2.3.3"; version="2.3.3"; uses:="javax.xml.parsers,org.w3c.dom,org.xml.sax,org.xml.sax.helpers"
  Unresolved requirement: Import-Package: com.sun.xml.bind.api; version="[2.3.0,3.0.0)"; resolution:="optional"
    -> Export-Package: com.sun.xml.bind.api; bundle-symbolic-name="com.sun.xml.bind.jaxb-osgi"; bundle-version="2.3.3"; version="2.3.3"; uses:="com.sun.xml.bind.v2.model.annotation,com.sun.xml.bind.v2.model.runtime,com.sun.xml.bind.v2.runtime,javax.xml.bind,javax.xml.bind.attachment,javax.xml.namespace,javax.xml.stream,javax.xml.transform,org.w3c.dom,org.xml.sax"
  Unresolved requirement: Import-Package: com.sun.xml.fastinfoset.stax; version="[1.2.0,2.0.0)"; resolution:="optional"
    -> Export-Package: com.sun.xml.fastinfoset.stax; bundle-symbolic-name="com.sun.xml.bind.jaxb-osgi"; bundle-version="2.3.3"; version="1.2.18"; uses:="com.sun.xml.fastinfoset,com.sun.xml.fastinfoset.sax,com.sun.xml.fastinfoset.util,javax.xml.namespace,javax.xml.stream,org.jvnet.fastinfoset,org.jvnet.fastinfoset.stax"

Could not resolve module: org.apache.cxf.cxf-rt-frontend-jaxrs [12]
  Unresolved requirement: Import-Package: javax.activation; version="[0.0.0,2.0.0)"

Could not resolve module: org.apache.cxf.cxf-rt-rs-client [13]
  Unresolved requirement: Import-Package: javax.cache; version="[1.1.0,2.0.0)"; resolution:="optional"
  Unresolved requirement: Import-Package: javax.cache.configuration; version="[1.1.0,2.0.0)"; resolution:="optional"
  Unresolved requirement: Import-Package: javax.cache.spi; version="[1.1.0,2.0.0)"; resolution:="optional"
  Unresolved requirement: Import-Package: javax.ws.rs.client; version="[2.1.0,3.0.0)"
    -> Export-Package: javax.ws.rs.client; bundle-symbolic-name="org.apache.aries.javax.jax.rs-api"; bundle-version="1.0.4"; version="2.1.0"; uses:="javax.net.ssl,javax.ws.rs,javax.ws.rs.core"
       org.apache.aries.javax.jax.rs-api [8]
         Unresolved requirement: Import-Package: org.apache.geronimo.osgi.registry.api; resolution:="optional"
         Unresolved requirement: Import-Package: javax.xml.bind.annotation
           -> Export-Package: javax.xml.bind.annotation; bundle-symbolic-name="jakarta.xml.bind-api"; bundle-version="2.3.3"; version="2.3.3"; uses:="javax.xml.bind,javax.xml.parsers,javax.xml.transform,javax.xml.transform.dom,org.w3c.dom"
              jakarta.xml.bind-api [6]
                Unresolved requirement: Import-Package: javax.activation
         Unresolved requirement: Import-Package: javax.xml.bind.annotation.adapters
           -> Export-Package: javax.xml.bind.annotation.adapters; bundle-symbolic-name="jakarta.xml.bind-api"; bundle-version="2.3.3"; version="2.3.3"
  Unresolved requirement: Import-Package: javax.ws.rs; version="[2.1.0,3.0.0)"
    -> Export-Package: javax.ws.rs; bundle-symbolic-name="org.apache.aries.javax.jax.rs-api"; bundle-version="1.0.4"; version="2.1.0"; uses:="javax.ws.rs.core"

Could not resolve module: org.apache.cxf.cxf-rt-rs-sse [14]
  Unresolved requirement: Import-Package: javax.ws.rs; version="[2.1.0,3.0.0)"
    -> Export-Package: javax.ws.rs; bundle-symbolic-name="org.apache.aries.javax.jax.rs-api"; bundle-version="1.0.4"; version="2.1.0"; uses:="javax.ws.rs.core"
       org.apache.aries.javax.jax.rs-api [8]
         Unresolved requirement: Import-Package: org.apache.geronimo.osgi.registry.api; resolution:="optional"
         Unresolved requirement: Import-Package: javax.xml.bind.annotation
           -> Export-Package: javax.xml.bind.annotation; bundle-symbolic-name="jakarta.xml.bind-api"; bundle-version="2.3.3"; version="2.3.3"; uses:="javax.xml.bind,javax.xml.parsers,javax.xml.transform,javax.xml.transform.dom,org.w3c.dom"
              jakarta.xml.bind-api [6]
                Unresolved requirement: Import-Package: javax.activation
         Unresolved requirement: Import-Package: javax.xml.bind.annotation.adapters
           -> Export-Package: javax.xml.bind.annotation.adapters; bundle-symbolic-name="jakarta.xml.bind-api"; bundle-version="2.3.3"; version="2.3.3"
  Unresolved requirement: Import-Package: javax.ws.rs.client; version="[2.1.0,3.0.0)"
    -> Export-Package: javax.ws.rs.client; bundle-symbolic-name="org.apache.aries.javax.jax.rs-api"; bundle-version="1.0.4"; version="2.1.0"; uses:="javax.net.ssl,javax.ws.rs,javax.ws.rs.core"

Could not resolve module: org.apache.cxf.cxf-rt-security [15]
  Unresolved requirement: Import-Package: org.apache.cxf.common.classloader; version="[3.4.0,4.0.0)"
    -> Export-Package: org.apache.cxf.common.classloader; bundle-symbolic-name="org.apache.cxf.cxf-core"; bundle-version="3.4.3"; version="3.4.3"
       org.apache.cxf.cxf-core [11]
         Unresolved requirement: Import-Package: com.sun.msv.grammar; version="[2013.6.0,2014.0.0)"; resolution:="optional"
         Unresolved requirement: Import-Package: com.sun.msv.grammar.xmlschema; version="[2013.6.0,2014.0.0)"; resolution:="optional"
         Unresolved requirement: Import-Package: com.sun.msv.reader; version="[2013.6.0,2014.0.0)"; resolution:="optional"
         Unresolved requirement: Import-Package: com.sun.msv.reader.xmlschema; version="[2013.6.0,2014.0.0)"; resolution:="optional"
         Unresolved requirement: Import-Package: com.sun.tools.internal.xjc.api; resolution:="optional"
         Unresolved requirement: Import-Package: com.sun.xml.internal.messaging.saaj.soap; resolution:="optional"
         Unresolved requirement: Import-Package: com.sun.xml.messaging.saaj.soap; resolution:="optional"
         Unresolved requirement: Import-Package: javax.activation; version="[0.0.0,2.0.0)"
         Unresolved requirement: Import-Package: com.sun.tools.xjc.api; resolution:="optional"
           -> Export-Package: com.sun.tools.xjc.api; bundle-symbolic-name="com.sun.xml.bind.jaxb-osgi"; bundle-version="2.3.3"; version="2.3.3"; uses:="com.sun.codemodel,com.sun.tools.xjc,com.sun.xml.bind.api,javax.annotation.processing,javax.lang.model.element,javax.lang.model.type,javax.xml.bind,javax.xml.namespace,javax.xml.stream,javax.xml.transform,org.w3c.dom,org.xml.sax"
              com.sun.xml.bind.jaxb-osgi [5]
                Unresolved requirement: Import-Package: javax.xml.bind; version="2.3.0"
                  -> Export-Package: javax.xml.bind; bundle-symbolic-name="jakarta.xml.bind-api"; bundle-version="2.3.3"; version="2.3.3"; uses:="javax.xml.bind.annotation.adapters,javax.xml.bind.attachment,javax.xml.namespace,javax.xml.stream,javax.xml.transform,javax.xml.validation,org.w3c.dom,org.xml.sax"
                     jakarta.xml.bind-api [6]
                       Unresolved requirement: Import-Package: javax.activation
                Unresolved requirement: Import-Package: javax.xml.bind.annotation; version="2.3.0"
                  -> Export-Package: javax.xml.bind.annotation; bundle-symbolic-name="jakarta.xml.bind-api"; bundle-version="2.3.3"; version="2.3.3"; uses:="javax.xml.bind,javax.xml.parsers,javax.xml.transform,javax.xml.transform.dom,org.w3c.dom"
         Unresolved requirement: Import-Package: com.sun.xml.bind.marshaller; version="[2.3.0,3.0.0)"; resolution:="optional"
           -> Export-Package: com.sun.xml.bind.marshaller; bundle-symbolic-name="com.sun.xml.bind.jaxb-osgi"; bundle-version="2.3.3"; version="2.3.3"; uses:="javax.xml.parsers,org.w3c.dom,org.xml.sax,org.xml.sax.helpers"
         Unresolved requirement: Import-Package: com.sun.xml.bind.api; version="[2.3.0,3.0.0)"; resolution:="optional"
           -> Export-Package: com.sun.xml.bind.api; bundle-symbolic-name="com.sun.xml.bind.jaxb-osgi"; bundle-version="2.3.3"; version="2.3.3"; uses:="com.sun.xml.bind.v2.model.annotation,com.sun.xml.bind.v2.model.runtime,com.sun.xml.bind.v2.runtime,javax.xml.bind,javax.xml.bind.attachment,javax.xml.namespace,javax.xml.stream,javax.xml.transform,org.w3c.dom,org.xml.sax"
         Unresolved requirement: Import-Package: com.sun.xml.fastinfoset.stax; version="[1.2.0,2.0.0)"; resolution:="optional"
           -> Export-Package: com.sun.xml.fastinfoset.stax; bundle-symbolic-name="com.sun.xml.bind.jaxb-osgi"; bundle-version="2.3.3"; version="1.2.18"; uses:="com.sun.xml.fastinfoset,com.sun.xml.fastinfoset.sax,com.sun.xml.fastinfoset.util,javax.xml.namespace,javax.xml.stream,org.jvnet.fastinfoset,org.jvnet.fastinfoset.stax"
  Unresolved requirement: Import-Package: org.apache.cxf; version="[3.4.0,4.0.0)"
    -> Export-Package: org.apache.cxf; bundle-symbolic-name="org.apache.cxf.cxf-core"; bundle-version="3.4.3"; version="3.4.3"

Could not resolve module: org.apache.cxf.cxf-rt-transports-http [16]
  Unresolved requirement: Import-Package: com.sun.activation.registries; version="[1.2.0,2.0.0)"; resolution:="optional"
  Unresolved requirement: Import-Package: javax.activation; version="[0.0.0,2.0.0)"

Could not resolve module: org.osgi.service.jaxrs [24]
  Unresolved requirement: Import-Package: javax.ws.rs.core
    -> Export-Package: javax.ws.rs.core; bundle-symbolic-name="org.apache.aries.javax.jax.rs-api"; bundle-version="1.0.4"; version="2.1.0"; uses:="javax.ws.rs,javax.xml.bind.annotation,javax.xml.bind.annotation.adapters,javax.xml.namespace"
       org.apache.aries.javax.jax.rs-api [8]
         Unresolved requirement: Import-Package: org.apache.geronimo.osgi.registry.api; resolution:="optional"
         Unresolved requirement: Import-Package: javax.xml.bind.annotation
           -> Export-Package: javax.xml.bind.annotation; bundle-symbolic-name="jakarta.xml.bind-api"; bundle-version="2.3.3"; version="2.3.3"; uses:="javax.xml.bind,javax.xml.parsers,javax.xml.transform,javax.xml.transform.dom,org.w3c.dom"
              jakarta.xml.bind-api [6]
                Unresolved requirement: Import-Package: javax.activation
         Unresolved requirement: Import-Package: javax.xml.bind.annotation.adapters
           -> Export-Package: javax.xml.bind.annotation.adapters; bundle-symbolic-name="jakarta.xml.bind-api"; bundle-version="2.3.3"; version="2.3.3"
  Unresolved requirement: Import-Package: javax.ws.rs.client
    -> Export-Package: javax.ws.rs.client; bundle-symbolic-name="org.apache.aries.javax.jax.rs-api"; bundle-version="1.0.4"; version="2.1.0"; uses:="javax.net.ssl,javax.ws.rs,javax.ws.rs.core"

Could not resolve module: org.osgi.test.cases.jaxrs [25]
  Unresolved requirement: Import-Package: org.osgi.service.jaxrs.runtime.dto; version="[1.0.0,2.0.0)"
    -> Export-Package: org.osgi.service.jaxrs.runtime.dto; bundle-symbolic-name="org.osgi.service.jaxrs"; bundle-version="1.0.0.201802012106"; version="1.0.0"; uses:="org.osgi.dto,org.osgi.framework.dto"
       org.osgi.service.jaxrs [24]
         Unresolved requirement: Import-Package: javax.ws.rs.core
           -> Export-Package: javax.ws.rs.core; bundle-symbolic-name="org.apache.aries.javax.jax.rs-api"; bundle-version="1.0.4"; version="2.1.0"; uses:="javax.ws.rs,javax.xml.bind.annotation,javax.xml.bind.annotation.adapters,javax.xml.namespace"
              org.apache.aries.javax.jax.rs-api [8]
                Unresolved requirement: Import-Package: org.apache.geronimo.osgi.registry.api; resolution:="optional"
                Unresolved requirement: Import-Package: javax.xml.bind.annotation
                  -> Export-Package: javax.xml.bind.annotation; bundle-symbolic-name="jakarta.xml.bind-api"; bundle-version="2.3.3"; version="2.3.3"; uses:="javax.xml.bind,javax.xml.parsers,javax.xml.transform,javax.xml.transform.dom,org.w3c.dom"
                     jakarta.xml.bind-api [6]
                       Unresolved requirement: Import-Package: javax.activation
                Unresolved requirement: Import-Package: javax.xml.bind.annotation.adapters
                  -> Export-Package: javax.xml.bind.annotation.adapters; bundle-symbolic-name="jakarta.xml.bind-api"; bundle-version="2.3.3"; version="2.3.3"
         Unresolved requirement: Import-Package: javax.ws.rs.client
           -> Export-Package: javax.ws.rs.client; bundle-symbolic-name="org.apache.aries.javax.jax.rs-api"; bundle-version="1.0.4"; version="2.1.0"; uses:="javax.net.ssl,javax.ws.rs,javax.ws.rs.core"
  Unresolved requirement: Import-Package: org.osgi.service.jaxrs.runtime; version="[1.0.0,2.0.0)"
    -> Export-Package: org.osgi.service.jaxrs.runtime; bundle-symbolic-name="org.osgi.service.jaxrs"; bundle-version="1.0.0.201802012106"; version="1.0.0"; uses:="org.osgi.service.jaxrs.runtime.dto"

]]>
    </system-err>
  </testcase>
</testsuite>